15:27:24.039 [TestNG-tests-2] INFO  testCases.TC_001AccountRegistrationTest - *Validating Expected message..*
15:27:24.082 [TestNG-tests-3] INFO  testCases.TC_001AccountRegistrationTest - *Validating Expected message..*
15:27:24.140 [TestNG-tests-2] INFO  testCases.TC_001AccountRegistrationTest - *** Finished TC_001AccountRegistrationTest ***
15:27:24.146 [TestNG-tests-3] INFO  testCases.TC_001AccountRegistrationTest - *** Finished TC_001AccountRegistrationTest ***
16:55:34.637 [main] INFO  testCases.TC_001AccountRegistrationTest - *** Starting TC_001AccountRegistrationTest ***
16:55:34.944 [main] INFO  testCases.TC_001AccountRegistrationTest - *Clicked on My Account link*
16:55:36.362 [main] INFO  testCases.TC_001AccountRegistrationTest - *Clicked on Register link*
16:55:36.481 [main] INFO  testCases.TC_001AccountRegistrationTest - *providing customer details*
16:55:39.610 [main] INFO  testCases.TC_001AccountRegistrationTest - *Validating Expected message..*
16:55:39.665 [main] INFO  testCases.TC_001AccountRegistrationTest - *** Finished TC_001AccountRegistrationTest ***
16:55:45.815 [main] INFO  testCases.TC_002LoginTest - ** Starting TC002_LoginTest **
16:55:47.602 [main] INFO  testCases.TC_002LoginTest - **Finished TC002_LoginTest**
16:59:20.693 [main] INFO  testCases.TC_002LoginTest - ** Starting TC002_LoginTest **
17:01:58.958 [main] INFO  testCases.TC_001AccountRegistrationTest - *** Starting TC_001AccountRegistrationTest ***
17:01:59.124 [main] INFO  testCases.TC_001AccountRegistrationTest - *Clicked on My Account link*
17:02:03.748 [main] INFO  testCases.TC_001AccountRegistrationTest - *Clicked on Register link*
17:02:03.754 [main] INFO  testCases.TC_001AccountRegistrationTest - *providing customer details*
17:02:05.679 [main] INFO  testCases.TC_001AccountRegistrationTest - *Validating Expected message..*
17:02:05.728 [main] INFO  testCases.TC_001AccountRegistrationTest - *** Finished TC_001AccountRegistrationTest ***
17:13:16.121 [main] INFO  testCases.TC_001AccountRegistrationTest - *** Starting TC_001AccountRegistrationTest ***
17:13:16.365 [main] INFO  testCases.TC_001AccountRegistrationTest - *Clicked on My Account link*
17:13:17.247 [main] INFO  testCases.TC_001AccountRegistrationTest - *Clicked on Register link*
17:13:17.250 [main] INFO  testCases.TC_001AccountRegistrationTest - *providing customer details*
17:13:19.236 [main] INFO  testCases.TC_001AccountRegistrationTest - *Validating Expected message..*
17:13:19.281 [main] INFO  testCases.TC_001AccountRegistrationTest - *** Finished TC_001AccountRegistrationTest ***
17:13:36.759 [main] INFO  testCases.TC_001AccountRegistrationTest - *** Starting TC_001AccountRegistrationTest ***
17:13:36.864 [main] INFO  testCases.TC_001AccountRegistrationTest - *Clicked on My Account link*
17:13:37.600 [main] INFO  testCases.TC_001AccountRegistrationTest - *Clicked on Register link*
17:13:37.600 [main] INFO  testCases.TC_001AccountRegistrationTest - *providing customer details*
17:13:38.658 [main] INFO  testCases.TC_001AccountRegistrationTest - *Validating Expected message..*
17:13:38.691 [main] INFO  testCases.TC_001AccountRegistrationTest - *** Finished TC_001AccountRegistrationTest ***
17:14:50.345 [main] INFO  testCases.TC_001AccountRegistrationTest - *** Starting TC_001AccountRegistrationTest ***
17:14:50.537 [main] INFO  testCases.TC_001AccountRegistrationTest - *Clicked on My Account link*
17:14:52.540 [main] INFO  testCases.TC_001AccountRegistrationTest - *Clicked on Register link*
17:14:52.546 [main] INFO  testCases.TC_001AccountRegistrationTest - *providing customer details*
17:14:55.270 [main] INFO  testCases.TC_001AccountRegistrationTest - *Validating Expected message..*
17:14:55.461 [main] INFO  testCases.TC_001AccountRegistrationTest - *** Finished TC_001AccountRegistrationTest ***
17:15:27.287 [main] INFO  testCases.TC_001AccountRegistrationTest - *** Starting TC_001AccountRegistrationTest ***
17:15:27.450 [main] INFO  testCases.TC_001AccountRegistrationTest - *Clicked on My Account link*
17:15:28.383 [main] INFO  testCases.TC_001AccountRegistrationTest - *Clicked on Register link*
17:15:28.384 [main] INFO  testCases.TC_001AccountRegistrationTest - *providing customer details*
17:15:29.494 [main] INFO  testCases.TC_001AccountRegistrationTest - *Validating Expected message..*
17:15:29.524 [main] INFO  testCases.TC_001AccountRegistrationTest - *** Finished TC_001AccountRegistrationTest ***
17:32:00.354 [main] INFO  testCases.TC_001AccountRegistrationTest - *** Starting TC_001AccountRegistrationTest ***
17:32:00.786 [main] INFO  testCases.TC_001AccountRegistrationTest - *Clicked on My Account link*
17:32:03.605 [main] INFO  testCases.TC_001AccountRegistrationTest - *Clicked on Register link*
17:32:03.654 [main] INFO  testCases.TC_001AccountRegistrationTest - *providing customer details*
17:32:06.405 [main] INFO  testCases.TC_001AccountRegistrationTest - *Validating Expected message..*
17:32:06.554 [main] INFO  testCases.TC_001AccountRegistrationTest - *** Finished TC_001AccountRegistrationTest ***
