15:59:18.644 [main] INFO  testCases.TC_001AccountRegistrationTest - *Clicked on My Account link*
15:59:19.189 [main] INFO  testCases.TC_001AccountRegistrationTest - *Clicked on Register link*
15:59:19.195 [main] INFO  testCases.TC_001AccountRegistrationTest - *providing customer details*
15:59:21.689 [main] INFO  testCases.TC_001AccountRegistrationTest - *Validating Expected message..*
15:59:21.730 [main] INFO  testCases.TC_001AccountRegistrationTest - *** Finished TC_001AccountRegistrationTest ***
15:59:22.051 [main] INFO  testCases.TC_001AccountRegistrationTest - *** Starting TC_001AccountRegistrationTest ***
15:59:30.727 [main] INFO  testCases.TC_001AccountRegistrationTest - *** Starting TC_001AccountRegistrationTest ***
15:59:30.922 [main] INFO  testCases.TC_001AccountRegistrationTest - *Clicked on My Account link*
15:59:31.477 [main] INFO  testCases.TC_001AccountRegistrationTest - *Clicked on Register link*
15:59:31.478 [main] INFO  testCases.TC_001AccountRegistrationTest - *providing customer details*
15:59:32.532 [main] INFO  testCases.TC_001AccountRegistrationTest - *Validating Expected message..*
15:59:32.558 [main] INFO  testCases.TC_001AccountRegistrationTest - *** Finished TC_001AccountRegistrationTest ***
16:02:26.216 [main] INFO  testCases.TC_001AccountRegistrationTest - *** Starting TC_001AccountRegistrationTest ***
16:02:26.340 [main] INFO  testCases.TC_001AccountRegistrationTest - *Clicked on My Account link*
16:02:26.838 [main] INFO  testCases.TC_001AccountRegistrationTest - *Clicked on Register link*
16:02:26.843 [main] INFO  testCases.TC_001AccountRegistrationTest - *providing customer details*
16:02:28.400 [main] INFO  testCases.TC_001AccountRegistrationTest - *Validating Expected message..*
16:02:28.443 [main] INFO  testCases.TC_001AccountRegistrationTest - *** Finished TC_001AccountRegistrationTest ***
16:02:28.798 [main] INFO  testCases.TC_001AccountRegistrationTest - *** Starting TC_001AccountRegistrationTest ***
16:02:35.402 [main] INFO  testCases.TC_001AccountRegistrationTest - *** Starting TC_001AccountRegistrationTest ***
16:02:35.523 [main] INFO  testCases.TC_001AccountRegistrationTest - *Clicked on My Account link*
16:02:35.942 [main] INFO  testCases.TC_001AccountRegistrationTest - *Clicked on Register link*
16:02:35.943 [main] INFO  testCases.TC_001AccountRegistrationTest - *providing customer details*
16:02:36.920 [main] INFO  testCases.TC_001AccountRegistrationTest - *Validating Expected message..*
16:02:36.946 [main] INFO  testCases.TC_001AccountRegistrationTest - *** Finished TC_001AccountRegistrationTest ***
16:04:50.509 [TestNG-tests-1] INFO  testCases.TC_001AccountRegistrationTest - *** Starting TC_001AccountRegistrationTest ***
16:04:50.810 [TestNG-tests-1] INFO  testCases.TC_001AccountRegistrationTest - *Clicked on My Account link*
16:04:51.841 [TestNG-tests-1] INFO  testCases.TC_001AccountRegistrationTest - *Clicked on Register link*
16:04:51.850 [TestNG-tests-1] INFO  testCases.TC_001AccountRegistrationTest - *providing customer details*
16:04:53.746 [TestNG-tests-1] INFO  testCases.TC_001AccountRegistrationTest - *Validating Expected message..*
16:04:53.851 [TestNG-tests-1] INFO  testCases.TC_001AccountRegistrationTest - *** Finished TC_001AccountRegistrationTest ***
16:04:54.526 [TestNG-tests-3] INFO  testCases.TC_001AccountRegistrationTest - *** Starting TC_001AccountRegistrationTest ***
16:04:54.638 [TestNG-tests-3] INFO  testCases.TC_001AccountRegistrationTest - *Clicked on My Account link*
16:04:55.374 [TestNG-tests-3] INFO  testCases.TC_001AccountRegistrationTest - *Clicked on Register link*
16:04:55.374 [TestNG-tests-3] INFO  testCases.TC_001AccountRegistrationTest - *providing customer details*
16:04:56.385 [TestNG-tests-3] INFO  testCases.TC_001AccountRegistrationTest - *Validating Expected message..*
16:04:56.413 [TestNG-tests-3] INFO  testCases.TC_001AccountRegistrationTest - *** Finished TC_001AccountRegistrationTest ***
16:08:28.372 [TestNG-tests-1] INFO  testCases.TC_001AccountRegistrationTest - *** Starting TC_001AccountRegistrationTest ***
16:08:28.579 [TestNG-tests-1] INFO  testCases.TC_001AccountRegistrationTest - *Clicked on My Account link*
16:08:30.032 [TestNG-tests-1] INFO  testCases.TC_001AccountRegistrationTest - *Clicked on Register link*
16:08:30.033 [TestNG-tests-1] INFO  testCases.TC_001AccountRegistrationTest - *providing customer details*
16:08:30.232 [TestNG-tests-3] INFO  testCases.TC_001AccountRegistrationTest - *** Starting TC_001AccountRegistrationTest ***
16:08:30.414 [TestNG-tests-3] INFO  testCases.TC_001AccountRegistrationTest - *Clicked on My Account link*
16:08:31.746 [TestNG-tests-3] INFO  testCases.TC_001AccountRegistrationTest - *Clicked on Register link*
16:08:31.746 [TestNG-tests-3] INFO  testCases.TC_001AccountRegistrationTest - *providing customer details*
16:08:32.795 [TestNG-tests-1] INFO  testCases.TC_001AccountRegistrationTest - *Validating Expected message..*
16:08:32.852 [TestNG-tests-1] INFO  testCases.TC_001AccountRegistrationTest - *** Finished TC_001AccountRegistrationTest ***
