15:11:54.364 [main] INFO  testCases.TC_001AccountRegistrationTest - *Clicked on Register link*
15:11:54.431 [main] INFO  testCases.TC_001AccountRegistrationTest - *providing customer details*
15:11:55.910 [main] INFO  testCases.TC_001AccountRegistrationTest - *Validating Expected message..*
15:11:55.952 [main] INFO  testCases.TC_001AccountRegistrationTest - *** Finished TC_001AccountRegistrationTest ***
15:11:59.786 [main] INFO  testCases.TC_002LoginTest - ** Starting TC002_LoginTest **
15:12:01.467 [main] INFO  testCases.TC_002LoginTest - **Finished TC002_LoginTest**
15:17:55.689 [main] INFO  testCases.TC_001AccountRegistrationTest - *** Starting TC_001AccountRegistrationTest ***
15:17:55.866 [main] INFO  testCases.TC_001AccountRegistrationTest - *Clicked on My Account link*
15:17:56.289 [main] INFO  testCases.TC_001AccountRegistrationTest - *Clicked on Register link*
15:17:56.295 [main] INFO  testCases.TC_001AccountRegistrationTest - *providing customer details*
15:17:58.239 [main] INFO  testCases.TC_001AccountRegistrationTest - *Validating Expected message..*
15:17:58.480 [main] INFO  testCases.TC_001AccountRegistrationTest - *** Finished TC_001AccountRegistrationTest ***
15:18:01.184 [main] INFO  testCases.TC_002LoginTest - ** Starting TC002_LoginTest **
15:18:03.202 [main] INFO  testCases.TC_002LoginTest - **Finished TC002_LoginTest**
15:22:13.481 [TestNG-tests-1] INFO  testCases.TC_001AccountRegistrationTest - *** Starting TC_001AccountRegistrationTest ***
15:22:13.765 [TestNG-tests-1] INFO  testCases.TC_001AccountRegistrationTest - *Clicked on My Account link*
15:22:14.755 [TestNG-tests-1] INFO  testCases.TC_001AccountRegistrationTest - *Clicked on Register link*
15:22:14.762 [TestNG-tests-1] INFO  testCases.TC_001AccountRegistrationTest - *providing customer details*
15:22:19.888 [TestNG-tests-1] INFO  testCases.TC_001AccountRegistrationTest - *Validating Expected message..*
15:22:20.054 [TestNG-tests-1] INFO  testCases.TC_001AccountRegistrationTest - *** Finished TC_001AccountRegistrationTest ***
15:22:21.653 [TestNG-tests-3] INFO  testCases.TC_001AccountRegistrationTest - *** Starting TC_001AccountRegistrationTest ***
15:22:21.848 [TestNG-tests-3] INFO  testCases.TC_001AccountRegistrationTest - *Clicked on My Account link*
15:22:22.203 [TestNG-tests-3] INFO  testCases.TC_001AccountRegistrationTest - *Clicked on Register link*
15:22:22.203 [TestNG-tests-3] INFO  testCases.TC_001AccountRegistrationTest - *providing customer details*
15:22:23.621 [TestNG-tests-3] INFO  testCases.TC_001AccountRegistrationTest - *Validating Expected message..*
15:22:23.664 [TestNG-tests-3] INFO  testCases.TC_001AccountRegistrationTest - *** Finished TC_001AccountRegistrationTest ***
15:24:24.211 [TestNG-tests-1] INFO  testCases.TC_001AccountRegistrationTest - *** Starting TC_001AccountRegistrationTest ***
15:24:27.700 [TestNG-tests-1] INFO  testCases.TC_001AccountRegistrationTest - *Clicked on My Account link*
15:24:32.905 [TestNG-tests-1] INFO  testCases.TC_001AccountRegistrationTest - *Clicked on Register link*
15:24:32.924 [TestNG-tests-1] INFO  testCases.TC_001AccountRegistrationTest - *providing customer details*
15:24:33.365 [TestNG-tests-2] INFO  testCases.TC_001AccountRegistrationTest - *** Starting TC_001AccountRegistrationTest ***
15:24:39.158 [TestNG-tests-2] INFO  testCases.TC_001AccountRegistrationTest - *Clicked on My Account link*
15:24:43.336 [TestNG-tests-3] INFO  testCases.TC_001AccountRegistrationTest - *** Starting TC_001AccountRegistrationTest ***
15:24:43.839 [TestNG-tests-3] INFO  testCases.TC_001AccountRegistrationTest - *Clicked on My Account link*
15:24:44.704 [TestNG-tests-3] INFO  testCases.TC_001AccountRegistrationTest - *Clicked on Register link*
15:24:44.705 [TestNG-tests-3] INFO  testCases.TC_001AccountRegistrationTest - *providing customer details*
15:24:45.937 [TestNG-tests-3] INFO  testCases.TC_001AccountRegistrationTest - *Validating Expected message..*
15:24:46.056 [TestNG-tests-3] INFO  testCases.TC_001AccountRegistrationTest - *** Finished TC_001AccountRegistrationTest ***
15:27:13.182 [TestNG-tests-2] INFO  testCases.TC_001AccountRegistrationTest - *** Starting TC_001AccountRegistrationTest ***
15:27:16.493 [TestNG-tests-2] INFO  testCases.TC_001AccountRegistrationTest - *Clicked on My Account link*
15:27:17.347 [TestNG-tests-2] INFO  testCases.TC_001AccountRegistrationTest - *Clicked on Register link*
15:27:17.350 [TestNG-tests-2] INFO  testCases.TC_001AccountRegistrationTest - *providing customer details*
15:27:19.971 [TestNG-tests-3] INFO  testCases.TC_001AccountRegistrationTest - *** Starting TC_001AccountRegistrationTest ***
15:27:20.230 [TestNG-tests-3] INFO  testCases.TC_001AccountRegistrationTest - *Clicked on My Account link*
15:27:20.855 [TestNG-tests-3] INFO  testCases.TC_001AccountRegistrationTest - *Clicked on Register link*
15:27:20.856 [TestNG-tests-3] INFO  testCases.TC_001AccountRegistrationTest - *providing customer details*
